17:16:34 **** Incremental Build of configuration Nios II for project uart_wifi_test ****
make all 
Info: Building ../uart_wifi_test_bsp/
C:/intelFPGA_lite/18.1/nios2eds/bin/gnu/H-x86_64-mingw32/bin/make --no-print-directory -C ../uart_wifi_test_bsp/
[BSP build complete]
Info: Compiling hello_world_small.c to obj/default/hello_world_small.o
nios2-elf-gcc -xc -MP -MMD -c -I../uart_wifi_test_bsp//HAL/inc -I../uart_wifi_test_bsp/ -I../uart_wifi_test_bsp//drivers/inc  -pipe -D__hal__ -DALT_NO_C_PLUS_PLUS -DALT_NO_CLEAN_EXIT -D'exit(a)=_exit(a)' -DALT_NO_EXIT -DALT_USE_DIRECT_DRIVERS -DALT_NO_INSTRUCTION_EMULATION -DALT_USE_SMALL_DRIVERS -DSMALL_C_LIB -DALT_SINGLE_THREADED    -Os -g -Wall   -mno-hw-div -mno-hw-mul -mno-hw-mulx -mgpopt=global  -o obj/default/hello_world_small.o hello_world_small.c
Info: Linking uart_wifi_test.elf
nios2-elf-g++  -T'../uart_wifi_test_bsp//linker.x' -msys-crt0='../uart_wifi_test_bsp//obj/HAL/src/crt0.o' -msys-lib=hal_bsp -L../uart_wifi_test_bsp/  -msmallc  -Wl,-Map=uart_wifi_test.map   -Os -g -Wall   -mno-hw-div -mno-hw-mul -mno-hw-mulx -mgpopt=global  -o uart_wifi_test.elf obj/default/hello_world_small.o -lm -msys-lib=m
nios2-elf-insert uart_wifi_test.elf --thread_model hal --cpu_name nios2_gen2_0 --qsys true --simulation_enabled false --id 0 --sidp 0x11038 --timestamp 1647900480 --stderr_dev jtag_uart_0 --stdin_dev jtag_uart_0 --stdout_dev jtag_uart_0 --sopc_system_name unsaved --quartus_project_dir "C:/Users/Usuario/Desktop/Nixon/hardware_dev/FPGA/quartus_projects/uart_wifi_test" --jdi ../..//output_files/uart_wifi_test.jdi --sopcinfo C:/Users/Usuario/Desktop/Nixon/hardware_dev/FPGA/quartus_projects/uart_wifi_test/software/uart_wifi_test_bsp/../../unsaved.sopcinfo
Info: (uart_wifi_test.elf) 3664 Bytes program size (code + initialized data).
Info:                      25 KBytes free for stack + heap.
Info: Creating uart_wifi_test.objdump
nios2-elf-objdump --disassemble --syms --all-header --source uart_wifi_test.elf >uart_wifi_test.objdump
[uart_wifi_test build complete]
17:16:59 **** Incremental Build of configuration Nios II for project uart_wifi_test ****
make all 
Info: Building ../uart_wifi_test_bsp/
C:/intelFPGA_lite/18.1/nios2eds/bin/gnu/H-x86_64-mingw32/bin/make --no-print-directory -C ../uart_wifi_test_bsp/
[BSP build complete]
[uart_wifi_test build complete]
17:17:42 **** Incremental Build of configuration Nios II for project uart_wifi_test ****
make all 
Info: Building ../uart_wifi_test_bsp/
C:/intelFPGA_lite/18.1/nios2eds/bin/gnu/H-x86_64-mingw32/bin/make --no-print-directory -C ../uart_wifi_test_bsp/
[BSP build complete]
[uart_wifi_test build complete]
17:21:20 **** Incremental Build of configuration Nios II for project uart_wifi_test ****
make all 
Info: Building ../uart_wifi_test_bsp/
C:/intelFPGA_lite/18.1/nios2eds/bin/gnu/H-x86_64-mingw32/bin/make --no-print-directory -C ../uart_wifi_test_bsp/
[BSP build complete]
Info: Compiling hello_world_small.c to obj/default/hello_world_small.o
nios2-elf-gcc -xc -MP -MMD -c -I../uart_wifi_test_bsp//HAL/inc -I../uart_wifi_test_bsp/ -I../uart_wifi_test_bsp//drivers/inc  -pipe -D__hal__ -DALT_NO_C_PLUS_PLUS -DALT_NO_CLEAN_EXIT -D'exit(a)=_exit(a)' -DALT_NO_EXIT -DALT_USE_DIRECT_DRIVERS -DALT_NO_INSTRUCTION_EMULATION -DALT_USE_SMALL_DRIVERS -DSMALL_C_LIB -DALT_SINGLE_THREADED    -Os -g -Wall   -mno-hw-div -mno-hw-mul -mno-hw-mulx -mgpopt=global  -o obj/default/hello_world_small.o hello_world_small.c
Info: Linking uart_wifi_test.elf
nios2-elf-g++  -T'../uart_wifi_test_bsp//linker.x' -msys-crt0='../uart_wifi_test_bsp//obj/HAL/src/crt0.o' -msys-lib=hal_bsp -L../uart_wifi_test_bsp/  -msmallc  -Wl,-Map=uart_wifi_test.map   -Os -g -Wall   -mno-hw-div -mno-hw-mul -mno-hw-mulx -mgpopt=global  -o uart_wifi_test.elf obj/default/hello_world_small.o -lm -msys-lib=m
nios2-elf-insert uart_wifi_test.elf --thread_model hal --cpu_name nios2_gen2_0 --qsys true --simulation_enabled false --id 0 --sidp 0x11038 --timestamp 1647900480 --stderr_dev jtag_uart_0 --stdin_dev jtag_uart_0 --stdout_dev jtag_uart_0 --sopc_system_name unsaved --quartus_project_dir "C:/Users/Usuario/Desktop/Nixon/hardware_dev/FPGA/quartus_projects/uart_wifi_test" --jdi ../..//output_files/uart_wifi_test.jdi --sopcinfo C:/Users/Usuario/Desktop/Nixon/hardware_dev/FPGA/quartus_projects/uart_wifi_test/software/uart_wifi_test_bsp/../../unsaved.sopcinfo
Info: (uart_wifi_test.elf) 3664 Bytes program size (code + initialized data).
Info:                      25 KBytes free for stack + heap.
Info: Creating uart_wifi_test.objdump
nios2-elf-objdump --disassemble --syms --all-header --source uart_wifi_test.elf >uart_wifi_test.objdump
[uart_wifi_test build complete]
